c:\cs3321 testing\issuetrackerv5\x64\release\vc142.pdb
c:\cs3321 testing\issuetrackerv5\x64\release\.netframework,version=v4.7.2.assemblyattributes.obj
c:\cs3321 testing\issuetrackerv5\x64\release\pmform.obj
c:\cs3321 testing\issuetrackerv5\x64\release\mainsource.obj
c:\cs3321 testing\issuetrackerv5\x64\release\loginform.obj
c:\cs3321 testing\issuetrackerv5\x64\release\mysql.data.dll
c:\cs3321 testing\issuetrackerv5\x64\release\google.protobuf.dll
c:\cs3321 testing\issuetrackerv5\x64\release\zstdnet.dll
c:\cs3321 testing\issuetrackerv5\x64\release\k4os.compression.lz4.streams.dll
c:\cs3321 testing\issuetrackerv5\x64\release\bouncycastle.crypto.dll
c:\cs3321 testing\issuetrackerv5\x64\release\system.security.permissions.dll
c:\cs3321 testing\issuetrackerv5\x64\release\system.configuration.configurationmanager.dll
c:\cs3321 testing\issuetrackerv5\x64\release\system.runtime.compilerservices.unsafe.dll
c:\cs3321 testing\issuetrackerv5\x64\release\system.buffers.dll
c:\cs3321 testing\issuetrackerv5\x64\release\k4os.compression.lz4.dll
c:\cs3321 testing\issuetrackerv5\x64\release\k4os.hash.xxhash.dll
c:\cs3321 testing\issuetrackerv5\x64\release\system.windows.extensions.dll
c:\cs3321 testing\issuetrackerv5\x64\release\system.security.cryptography.protecteddata.dll
c:\cs3321 testing\issuetrackerv5\x64\release\mysql.data.xml
c:\cs3321 testing\issuetrackerv5\x64\release\issuetrackerv5.loginform.resources
c:\cs3321 testing\issuetrackerv5\x64\release\issuetrackerv5.exe
c:\cs3321 testing\issuetrackerv5\x64\release\issuetrackerv5.pdb
c:\cs3321 testing\issuetrackerv5\x64\release\issuetrackerv5.exe.metagen
c:\cs3321 testing\issuetrackerv5\x64\release\issuetrackerv5.tlog\cl.command.1.tlog
c:\cs3321 testing\issuetrackerv5\x64\release\issuetrackerv5.tlog\cl.read.1.tlog
c:\cs3321 testing\issuetrackerv5\x64\release\issuetrackerv5.tlog\cl.write.1.tlog
c:\cs3321 testing\issuetrackerv5\x64\release\issuetrackerv5.tlog\copylocal.read.1u.tlog
c:\cs3321 testing\issuetrackerv5\x64\release\issuetrackerv5.tlog\copylocal.write.1u.tlog
c:\cs3321 testing\issuetrackerv5\x64\release\issuetrackerv5.tlog\issuetrackerv5.write.1u.tlog
c:\cs3321 testing\issuetrackerv5\x64\release\issuetrackerv5.tlog\link.command.1.tlog
c:\cs3321 testing\issuetrackerv5\x64\release\issuetrackerv5.tlog\link.read.1.tlog
c:\cs3321 testing\issuetrackerv5\x64\release\issuetrackerv5.tlog\link.write.1.tlog
c:\cs3321 testing\issuetrackerv5\x64\release\issuetrackerv5.tlog\metagen.read.1.tlog
c:\cs3321 testing\issuetrackerv5\x64\release\issuetrackerv5.tlog\metagen.write.1.tlog
