c:\cs3321 testing\issuetrackerv5\x64\debug\vc142.pdb
c:\cs3321 testing\issuetrackerv5\x64\debug\.netframework,version=v4.7.2.assemblyattributes.obj
c:\cs3321 testing\issuetrackerv5\x64\debug\pmform.obj
c:\cs3321 testing\issuetrackerv5\x64\debug\mainsource.obj
c:\cs3321 testing\issuetrackerv5\x64\debug\loginform.obj
c:\cs3321 testing\issuetrackerv5\x64\debug\mysql.data.dll
c:\cs3321 testing\issuetrackerv5\x64\debug\google.protobuf.dll
c:\cs3321 testing\issuetrackerv5\x64\debug\zstdnet.dll
c:\cs3321 testing\issuetrackerv5\x64\debug\k4os.compression.lz4.streams.dll
c:\cs3321 testing\issuetrackerv5\x64\debug\bouncycastle.crypto.dll
c:\cs3321 testing\issuetrackerv5\x64\debug\system.security.permissions.dll
c:\cs3321 testing\issuetrackerv5\x64\debug\system.configuration.configurationmanager.dll
c:\cs3321 testing\issuetrackerv5\x64\debug\system.runtime.compilerservices.unsafe.dll
c:\cs3321 testing\issuetrackerv5\x64\debug\system.buffers.dll
c:\cs3321 testing\issuetrackerv5\x64\debug\k4os.compression.lz4.dll
c:\cs3321 testing\issuetrackerv5\x64\debug\k4os.hash.xxhash.dll
c:\cs3321 testing\issuetrackerv5\x64\debug\system.windows.extensions.dll
c:\cs3321 testing\issuetrackerv5\x64\debug\system.security.cryptography.protecteddata.dll
c:\cs3321 testing\issuetrackerv5\x64\debug\mysql.data.xml
c:\cs3321 testing\issuetrackerv5\x64\debug\issuetrackerv5.loginform.resources
c:\cs3321 testing\issuetrackerv5\x64\debug\issuetrackerv5.pmform.resources
c:\cs3321 testing\issuetrackerv5\x64\debug\issuetrackerv5.exe
c:\cs3321 testing\issuetrackerv5\x64\debug\issuetrackerv5.pdb
c:\cs3321 testing\issuetrackerv5\x64\debug\issuetrackerv5.exe.metagen
c:\cs3321 testing\issuetrackerv5\x64\debug\issuetrackerv5.tlog\cl.command.1.tlog
c:\cs3321 testing\issuetrackerv5\x64\debug\issuetrackerv5.tlog\cl.read.1.tlog
c:\cs3321 testing\issuetrackerv5\x64\debug\issuetrackerv5.tlog\cl.write.1.tlog
c:\cs3321 testing\issuetrackerv5\x64\debug\issuetrackerv5.tlog\copylocal.read.1u.tlog
c:\cs3321 testing\issuetrackerv5\x64\debug\issuetrackerv5.tlog\copylocal.write.1u.tlog
c:\cs3321 testing\issuetrackerv5\x64\debug\issuetrackerv5.tlog\issuetrackerv5.write.1u.tlog
c:\cs3321 testing\issuetrackerv5\x64\debug\issuetrackerv5.tlog\link.command.1.tlog
c:\cs3321 testing\issuetrackerv5\x64\debug\issuetrackerv5.tlog\link.read.1.tlog
c:\cs3321 testing\issuetrackerv5\x64\debug\issuetrackerv5.tlog\link.write.1.tlog
c:\cs3321 testing\issuetrackerv5\x64\debug\issuetrackerv5.tlog\metagen.read.1.tlog
c:\cs3321 testing\issuetrackerv5\x64\debug\issuetrackerv5.tlog\metagen.write.1.tlog
